2013-03-25 21:15:57 [CLIENT] [INFO] Setting user: Player152
2013-03-25 21:15:57 [CLIENT] [INFO] LWJGL Version: 2.4.2
2013-03-25 21:16:08 [CLIENT] [SEVERE] ########## GL ERROR ##########
2013-03-25 21:16:08 [CLIENT] [SEVERE] @ Pre startup
2013-03-25 21:16:08 [CLIENT] [SEVERE] 1286: Invalid framebuffer operation
2013-03-25 21:16:10 [CLIENT] [INFO] Found animation info for: textures/blocks/lava_flow.txt
2013-03-25 21:16:10 [CLIENT] [INFO] Found animation info for: textures/blocks/water_flow.txt
2013-03-25 21:16:10 [CLIENT] [INFO] Found animation info for: textures/blocks/fire_0.txt
2013-03-25 21:16:10 [CLIENT] [INFO] Found animation info for: textures/blocks/fire_1.txt
2013-03-25 21:16:10 [CLIENT] [INFO] Found animation info for: textures/blocks/lava.txt
2013-03-25 21:16:10 [CLIENT] [INFO] Found animation info for: textures/blocks/portal.txt
2013-03-25 21:16:10 [CLIENT] [INFO] Found animation info for: textures/blocks/water.txt
2013-03-25 21:16:11 [CLIENT] [INFO] Found animation info for: textures/items/clock.txt
2013-03-25 21:16:11 [CLIENT] [INFO] Found animation info for: textures/items/compass.txt
2013-03-25 21:16:11 [CLIENT] [SEVERE] ########## GL ERROR ##########
2013-03-25 21:16:11 [CLIENT] [SEVERE] @ Post startup
2013-03-25 21:16:11 [CLIENT] [SEVERE] 1281: Invalid value
2013-03-25 21:16:11 [CLIENT] [INFO] Stopping!
2013-03-25 21:20:20 [CLIENT] [INFO] Setting user: Player241
2013-03-25 21:20:20 [CLIENT] [INFO] LWJGL Version: 2.4.2
2013-03-25 21:20:23 [CLIENT] [INFO] Found animation info for: textures/blocks/lava_flow.txt
2013-03-25 21:20:23 [CLIENT] [INFO] Found animation info for: textures/blocks/water_flow.txt
2013-03-25 21:20:23 [CLIENT] [INFO] Found animation info for: textures/blocks/fire_0.txt
2013-03-25 21:20:23 [CLIENT] [INFO] Found animation info for: textures/blocks/fire_1.txt
2013-03-25 21:20:23 [CLIENT] [INFO] Found animation info for: textures/blocks/lava.txt
2013-03-25 21:20:23 [CLIENT] [INFO] Found animation info for: textures/blocks/portal.txt
2013-03-25 21:20:23 [CLIENT] [INFO] Found animation info for: textures/blocks/water.txt
2013-03-25 21:20:23 [CLIENT] [WARNING] TextureManager.createTexture called for file textures/items/null.png, but that file does not exist. Ignoring.
2013-03-25 21:20:23 [CLIENT] [INFO] Found animation info for: textures/items/clock.txt
2013-03-25 21:20:23 [CLIENT] [INFO] Found animation info for: textures/items/compass.txt
2013-03-25 21:20:24 [CLIENT] [SEVERE] ########## GL ERROR ##########
2013-03-25 21:20:24 [CLIENT] [SEVERE] @ Post startup
2013-03-25 21:20:24 [CLIENT] [SEVERE] 1281: Invalid value
2013-03-25 21:20:24 [CLIENT] [SEVERE] ########## GL ERROR ##########
2013-03-25 21:20:24 [CLIENT] [SEVERE] @ Pre render
2013-03-25 21:20:24 [CLIENT] [SEVERE] 1281: Invalid value
2013-03-25 21:20:49 [CLIENT] [INFO] Stopping!
2013-03-25 21:28:26 [CLIENT] [INFO] Setting user: Player595
2013-03-25 21:28:26 [CLIENT] [INFO] LWJGL Version: 2.4.2
2013-03-25 21:33:23 [CLIENT] [INFO] Setting user: Player409
2013-03-25 21:33:24 [CLIENT] [INFO] LWJGL Version: 2.4.2
2013-03-25 21:33:26 [CLIENT] [INFO] Found animation info for: textures/blocks/lava_flow.txt
2013-03-25 21:33:26 [CLIENT] [INFO] Found animation info for: textures/blocks/water_flow.txt
2013-03-25 21:33:26 [CLIENT] [INFO] Found animation info for: textures/blocks/fire_0.txt
2013-03-25 21:33:26 [CLIENT] [INFO] Found animation info for: textures/blocks/fire_1.txt
2013-03-25 21:33:26 [CLIENT] [INFO] Found animation info for: textures/blocks/lava.txt
2013-03-25 21:33:26 [CLIENT] [INFO] Found animation info for: textures/blocks/portal.txt
2013-03-25 21:33:26 [CLIENT] [INFO] Found animation info for: textures/blocks/water.txt
2013-03-25 21:33:26 [CLIENT] [WARNING] TextureManager.createTexture called for file textures/items/null.png, but that file does not exist. Ignoring.
2013-03-25 21:33:28 [CLIENT] [INFO] Found animation info for: textures/items/clock.txt
2013-03-25 21:33:28 [CLIENT] [INFO] Found animation info for: textures/items/compass.txt
2013-03-25 21:33:28 [CLIENT] [SEVERE] ########## GL ERROR ##########
2013-03-25 21:33:28 [CLIENT] [SEVERE] @ Post startup
2013-03-25 21:33:28 [CLIENT] [SEVERE] 1281: Invalid value
2013-03-25 21:33:29 [CLIENT] [SEVERE] ########## GL ERROR ##########
2013-03-25 21:33:29 [CLIENT] [SEVERE] @ Pre render
2013-03-25 21:33:29 [CLIENT] [SEVERE] 1281: Invalid value
2013-03-25 21:34:01 [CLIENT] [WARNING] Memory connection overburdened; after processing 2500 packets, we still have 1485 to go!
2013-03-25 21:34:01 [CLIENT] [WARNING] Memory connection overburdened; after processing 2500 packets, we still have 2027 to go!
2013-03-25 21:34:02 [CLIENT] [WARNING] Memory connection overburdened; after processing 2500 packets, we still have 499 to go!
2013-03-25 21:35:25 [CLIENT] [INFO] Stopping!
2013-03-25 21:35:56 [CLIENT] [INFO] Setting user: Player516
2013-03-25 21:35:56 [CLIENT] [INFO] LWJGL Version: 2.4.2
2013-03-25 21:35:59 [CLIENT] [INFO] Found animation info for: textures/blocks/lava_flow.txt
2013-03-25 21:35:59 [CLIENT] [INFO] Found animation info for: textures/blocks/water_flow.txt
2013-03-25 21:35:59 [CLIENT] [INFO] Found animation info for: textures/blocks/fire_0.txt
2013-03-25 21:35:59 [CLIENT] [INFO] Found animation info for: textures/blocks/fire_1.txt
2013-03-25 21:35:59 [CLIENT] [INFO] Found animation info for: textures/blocks/lava.txt
2013-03-25 21:35:59 [CLIENT] [INFO] Found animation info for: textures/blocks/portal.txt
2013-03-25 21:35:59 [CLIENT] [INFO] Found animation info for: textures/blocks/water.txt
2013-03-25 21:36:00 [CLIENT] [WARNING] TextureManager.createTexture called for file textures/items/null.png, but that file does not exist. Ignoring.
2013-03-25 21:36:01 [CLIENT] [INFO] Found animation info for: textures/items/clock.txt
2013-03-25 21:36:01 [CLIENT] [INFO] Found animation info for: textures/items/compass.txt
2013-03-25 21:36:01 [CLIENT] [SEVERE] ########## GL ERROR ##########
2013-03-25 21:36:01 [CLIENT] [SEVERE] @ Post startup
2013-03-25 21:36:01 [CLIENT] [SEVERE] 1281: Invalid value
2013-03-25 21:36:01 [CLIENT] [SEVERE] ########## GL ERROR ##########
2013-03-25 21:36:01 [CLIENT] [SEVERE] @ Pre render
2013-03-25 21:36:01 [CLIENT] [SEVERE] 1281: Invalid value
2013-03-26 09:47:26 [CLIENT] [INFO] Setting user: Player806
2013-03-26 09:47:27 [CLIENT] [INFO] LWJGL Version: 2.4.2
2013-03-26 09:47:30 [CLIENT] [INFO] Found animation info for: textures/blocks/lava_flow.txt
2013-03-26 09:47:30 [CLIENT] [INFO] Found animation info for: textures/blocks/water_flow.txt
2013-03-26 09:47:30 [CLIENT] [INFO] Found animation info for: textures/blocks/fire_0.txt
2013-03-26 09:47:30 [CLIENT] [INFO] Found animation info for: textures/blocks/fire_1.txt
2013-03-26 09:47:30 [CLIENT] [INFO] Found animation info for: textures/blocks/lava.txt
2013-03-26 09:47:30 [CLIENT] [INFO] Found animation info for: textures/blocks/portal.txt
2013-03-26 09:47:30 [CLIENT] [INFO] Found animation info for: textures/blocks/water.txt
2013-03-26 09:47:30 [CLIENT] [WARNING] TextureManager.createTexture called for file textures/items/null.png, but that file does not exist. Ignoring.
2013-03-26 09:47:31 [CLIENT] [INFO] Found animation info for: textures/items/clock.txt
2013-03-26 09:47:31 [CLIENT] [INFO] Found animation info for: textures/items/compass.txt
2013-03-26 09:47:31 [CLIENT] [SEVERE] ########## GL ERROR ##########
2013-03-26 09:47:31 [CLIENT] [SEVERE] @ Post startup
2013-03-26 09:47:31 [CLIENT] [SEVERE] 1281: Invalid value
2013-03-26 09:47:32 [CLIENT] [SEVERE] ########## GL ERROR ##########
2013-03-26 09:47:32 [CLIENT] [SEVERE] @ Pre render
2013-03-26 09:47:32 [CLIENT] [SEVERE] 1281: Invalid value
2013-03-26 10:00:21 [CLIENT] [INFO] Setting user: Player500
2013-03-26 10:00:21 [CLIENT] [INFO] LWJGL Version: 2.4.2
2013-03-26 10:00:24 [CLIENT] [INFO] Found animation info for: textures/blocks/lava_flow.txt
2013-03-26 10:00:24 [CLIENT] [INFO] Found animation info for: textures/blocks/water_flow.txt
2013-03-26 10:00:24 [CLIENT] [INFO] Found animation info for: textures/blocks/fire_0.txt
2013-03-26 10:00:24 [CLIENT] [INFO] Found animation info for: textures/blocks/fire_1.txt
2013-03-26 10:00:24 [CLIENT] [INFO] Found animation info for: textures/blocks/lava.txt
2013-03-26 10:00:24 [CLIENT] [INFO] Found animation info for: textures/blocks/portal.txt
2013-03-26 10:00:24 [CLIENT] [INFO] Found animation info for: textures/blocks/water.txt
2013-03-26 10:00:24 [CLIENT] [WARNING] TextureManager.createTexture called for file textures/items/null.png, but that file does not exist. Ignoring.
2013-03-26 10:00:25 [CLIENT] [INFO] Found animation info for: textures/items/clock.txt
2013-03-26 10:00:25 [CLIENT] [INFO] Found animation info for: textures/items/compass.txt
2013-03-26 10:00:25 [CLIENT] [SEVERE] ########## GL ERROR ##########
2013-03-26 10:00:25 [CLIENT] [SEVERE] @ Post startup
2013-03-26 10:00:25 [CLIENT] [SEVERE] 1281: Invalid value
2013-03-26 10:00:25 [CLIENT] [SEVERE] ########## GL ERROR ##########
2013-03-26 10:00:25 [CLIENT] [SEVERE] @ Pre render
2013-03-26 10:00:25 [CLIENT] [SEVERE] 1281: Invalid value
2013-03-26 10:03:24 [CLIENT] [INFO] Stopping!
2013-03-26 10:14:24 [CLIENT] [INFO] Setting user: Player336
2013-03-26 10:14:24 [CLIENT] [INFO] LWJGL Version: 2.4.2
2013-03-26 10:14:27 [CLIENT] [INFO] Found animation info for: textures/blocks/lava_flow.txt
2013-03-26 10:14:27 [CLIENT] [INFO] Found animation info for: textures/blocks/water_flow.txt
2013-03-26 10:14:27 [CLIENT] [INFO] Found animation info for: textures/blocks/fire_0.txt
2013-03-26 10:14:27 [CLIENT] [INFO] Found animation info for: textures/blocks/fire_1.txt
2013-03-26 10:14:27 [CLIENT] [INFO] Found animation info for: textures/blocks/lava.txt
2013-03-26 10:14:27 [CLIENT] [INFO] Found animation info for: textures/blocks/portal.txt
2013-03-26 10:14:27 [CLIENT] [INFO] Found animation info for: textures/blocks/water.txt
2013-03-26 10:14:27 [CLIENT] [WARNING] TextureManager.createTexture called for file textures/items/emch.png, but that file does not exist. Ignoring.
2013-03-26 10:14:27 [CLIENT] [WARNING] TextureManager.createTexture called for file textures/items/empk.png, but that file does not exist. Ignoring.
2013-03-26 10:14:27 [CLIENT] [WARNING] TextureManager.createTexture called for file textures/items/empa.png, but that file does not exist. Ignoring.
2013-03-26 10:14:27 [CLIENT] [WARNING] TextureManager.createTexture called for file textures/items/emhe.png, but that file does not exist. Ignoring.
2013-03-26 10:14:27 [CLIENT] [WARNING] TextureManager.createTexture called for file textures/items/emho.png, but that file does not exist. Ignoring.
2013-03-26 10:14:27 [CLIENT] [WARNING] TextureManager.createTexture called for file textures/items/emhsh.png, but that file does not exist. Ignoring.
2013-03-26 10:14:28 [CLIENT] [WARNING] TextureManager.createTexture called for file textures/items/embo.png, but that file does not exist. Ignoring.
2013-03-26 10:14:28 [CLIENT] [WARNING] TextureManager.createTexture called for file textures/items/emsw.png, but that file does not exist. Ignoring.
2013-03-26 10:14:28 [CLIENT] [WARNING] TextureManager.createTexture called for file textures/items/emax.png, but that file does not exist. Ignoring.
2013-03-26 10:14:28 [CLIENT] [INFO] Found animation info for: textures/items/clock.txt
2013-03-26 10:14:28 [CLIENT] [INFO] Found animation info for: textures/items/compass.txt
2013-03-26 10:14:28 [CLIENT] [SEVERE] ########## GL ERROR ##########
2013-03-26 10:14:28 [CLIENT] [SEVERE] @ Post startup
2013-03-26 10:14:28 [CLIENT] [SEVERE] 1281: Invalid value
2013-03-26 10:14:29 [CLIENT] [SEVERE] ########## GL ERROR ##########
2013-03-26 10:14:29 [CLIENT] [SEVERE] @ Pre render
2013-03-26 10:14:29 [CLIENT] [SEVERE] 1281: Invalid value
2013-03-26 10:25:56 [CLIENT] [INFO] Setting user: Player672
2013-03-26 10:25:56 [CLIENT] [INFO] LWJGL Version: 2.4.2
2013-03-26 10:25:59 [CLIENT] [INFO] Found animation info for: textures/blocks/lava_flow.txt
2013-03-26 10:25:59 [CLIENT] [INFO] Found animation info for: textures/blocks/water_flow.txt
2013-03-26 10:25:59 [CLIENT] [INFO] Found animation info for: textures/blocks/fire_0.txt
2013-03-26 10:25:59 [CLIENT] [INFO] Found animation info for: textures/blocks/fire_1.txt
2013-03-26 10:25:59 [CLIENT] [INFO] Found animation info for: textures/blocks/lava.txt
2013-03-26 10:25:59 [CLIENT] [INFO] Found animation info for: textures/blocks/portal.txt
2013-03-26 10:25:59 [CLIENT] [INFO] Found animation info for: textures/blocks/water.txt
2013-03-26 10:26:00 [CLIENT] [WARNING] TextureManager.createTexture called for file textures/items/emch.png, but that file does not exist. Ignoring.
2013-03-26 10:26:00 [CLIENT] [WARNING] TextureManager.createTexture called for file textures/items/empa.png, but that file does not exist. Ignoring.
2013-03-26 10:26:00 [CLIENT] [WARNING] TextureManager.createTexture called for file textures/items/emhe.png, but that file does not exist. Ignoring.
2013-03-26 10:26:00 [CLIENT] [WARNING] TextureManager.createTexture called for file textures/items/emhsh.png, but that file does not exist. Ignoring.
2013-03-26 10:26:00 [CLIENT] [WARNING] TextureManager.createTexture called for file textures/items/embo.png, but that file does not exist. Ignoring.
2013-03-26 10:26:00 [CLIENT] [INFO] Found animation info for: textures/items/clock.txt
2013-03-26 10:26:00 [CLIENT] [INFO] Found animation info for: textures/items/compass.txt
2013-03-26 10:26:00 [CLIENT] [SEVERE] ########## GL ERROR ##########
2013-03-26 10:26:00 [CLIENT] [SEVERE] @ Post startup
2013-03-26 10:26:00 [CLIENT] [SEVERE] 1281: Invalid value
2013-03-26 10:26:01 [CLIENT] [SEVERE] ########## GL ERROR ##########
2013-03-26 10:26:01 [CLIENT] [SEVERE] @ Pre render
2013-03-26 10:26:01 [CLIENT] [SEVERE] 1281: Invalid value
2013-03-26 10:27:12 [CLIENT] [INFO] [CHAT] ¤cUnknown command. Try /help for a list of commands.
2013-03-26 10:28:39 [CLIENT] [INFO] [CHAT] Your game mode has been updated
2013-03-26 10:28:42 [CLIENT] [INFO] [CHAT] Your game mode has been updated
2013-03-26 10:29:07 [CLIENT] [INFO] [CHAT] Your game mode has been updated
2013-03-26 10:29:08 [CLIENT] [INFO] [CHAT] Set the time to 0
2013-03-26 10:29:10 [CLIENT] [INFO] [CHAT] Set the time to 12500
2013-03-26 10:29:48 [CLIENT] [INFO] [CHAT] ¤c'-' is not a valid number
2013-03-26 10:29:50 [CLIENT] [INFO] [CHAT] Your game mode has been updated
2013-03-26 10:29:51 [CLIENT] [INFO] [CHAT] Set the time to 0
2013-03-26 10:29:54 [CLIENT] [INFO] [CHAT] Set the time to 0
2013-03-26 10:29:55 [CLIENT] [INFO] [CHAT] Your game mode has been updated
2013-03-26 10:30:19 [CLIENT] [INFO] [CHAT] Set the time to 12500
2013-03-26 10:30:21 [CLIENT] [INFO] [CHAT] Your game mode has been updated
2013-03-26 10:30:39 [CLIENT] [INFO] [CHAT] ¤cUnknown command. Try /help for a list of commands.
2013-03-26 10:30:40 [CLIENT] [INFO] [CHAT] Your game mode has been updated
2013-03-26 10:31:43 [CLIENT] [INFO] [CHAT] Your game mode has been updated
2013-03-26 10:31:50 [CLIENT] [INFO] [CHAT] Your game mode has been updated
2013-03-26 10:42:21 [CLIENT] [INFO] Setting user: Player301
2013-03-26 10:42:21 [CLIENT] [INFO] LWJGL Version: 2.4.2
2013-03-26 10:42:23 [CLIENT] [INFO] Found animation info for: textures/blocks/lava_flow.txt
2013-03-26 10:42:23 [CLIENT] [INFO] Found animation info for: textures/blocks/water_flow.txt
2013-03-26 10:42:23 [CLIENT] [INFO] Found animation info for: textures/blocks/fire_0.txt
2013-03-26 10:42:23 [CLIENT] [INFO] Found animation info for: textures/blocks/fire_1.txt
2013-03-26 10:42:23 [CLIENT] [INFO] Found animation info for: textures/blocks/lava.txt
2013-03-26 10:42:23 [CLIENT] [INFO] Found animation info for: textures/blocks/portal.txt
2013-03-26 10:42:23 [CLIENT] [INFO] Found animation info for: textures/blocks/water.txt
2013-03-26 10:42:24 [CLIENT] [WARNING] TextureManager.createTexture called for file textures/items/emch.png, but that file does not exist. Ignoring.
2013-03-26 10:42:24 [CLIENT] [INFO] Found animation info for: textures/items/clock.txt
2013-03-26 10:42:24 [CLIENT] [INFO] Found animation info for: textures/items/compass.txt
2013-03-26 10:42:25 [CLIENT] [SEVERE] ########## GL ERROR ##########
2013-03-26 10:42:25 [CLIENT] [SEVERE] @ Post startup
2013-03-26 10:42:25 [CLIENT] [SEVERE] 1281: Invalid value
2013-03-26 10:42:25 [CLIENT] [SEVERE] ########## GL ERROR ##########
2013-03-26 10:42:25 [CLIENT] [SEVERE] @ Pre render
2013-03-26 10:42:25 [CLIENT] [SEVERE] 1281: Invalid value
2013-03-26 10:43:01 [CLIENT] [INFO] Setting user: Player683
2013-03-26 10:43:01 [CLIENT] [INFO] LWJGL Version: 2.4.2
2013-03-26 10:43:04 [CLIENT] [INFO] Found animation info for: textures/blocks/lava_flow.txt
2013-03-26 10:43:04 [CLIENT] [INFO] Found animation info for: textures/blocks/water_flow.txt
2013-03-26 10:43:04 [CLIENT] [INFO] Found animation info for: textures/blocks/fire_0.txt
2013-03-26 10:43:04 [CLIENT] [INFO] Found animation info for: textures/blocks/fire_1.txt
2013-03-26 10:43:04 [CLIENT] [INFO] Found animation info for: textures/blocks/lava.txt
2013-03-26 10:43:04 [CLIENT] [INFO] Found animation info for: textures/blocks/portal.txt
2013-03-26 10:43:04 [CLIENT] [INFO] Found animation info for: textures/blocks/water.txt
2013-03-26 10:43:05 [CLIENT] [INFO] Found animation info for: textures/items/clock.txt
2013-03-26 10:43:05 [CLIENT] [INFO] Found animation info for: textures/items/compass.txt
2013-03-26 10:43:05 [CLIENT] [SEVERE] ########## GL ERROR ##########
2013-03-26 10:43:05 [CLIENT] [SEVERE] @ Post startup
2013-03-26 10:43:05 [CLIENT] [SEVERE] 1281: Invalid value
2013-03-26 10:43:06 [CLIENT] [SEVERE] ########## GL ERROR ##########
2013-03-26 10:43:06 [CLIENT] [SEVERE] @ Pre render
2013-03-26 10:43:06 [CLIENT] [SEVERE] 1281: Invalid value
