2013-03-25 21:20:29 [SERVER] [INFO] Starting integrated minecraft server version 1.5.1
2013-03-25 21:20:29 [SERVER] [INFO] Generating keypair
2013-03-25 21:20:30 [SERVER] [INFO] Converting map!
2013-03-25 21:20:30 [SERVER] [INFO] Scanning folders...
2013-03-25 21:20:30 [SERVER] [INFO] Total conversion count is 0
2013-03-25 21:20:30 [SERVER] [INFO] Preparing start region for level 0
2013-03-25 21:20:31 [SERVER] [INFO] Preparing spawn area: 10%
2013-03-25 21:20:32 [SERVER] [INFO] Preparing spawn area: 26%
2013-03-25 21:20:33 [SERVER] [INFO] Preparing spawn area: 42%
2013-03-25 21:20:34 [SERVER] [INFO] Preparing spawn area: 59%
2013-03-25 21:20:35 [SERVER] [INFO] Preparing spawn area: 76%
2013-03-25 21:20:36 [SERVER] [INFO] Preparing spawn area: 95%
2013-03-25 21:20:37 [SERVER] [INFO] Player241[/127.0.0.1:0] logged in with entity id 126 at (21.5, 66.0, 193.5)
2013-03-25 21:20:40 [SERVER] [INFO] Stopping server
2013-03-25 21:20:40 [SERVER] [INFO] Saving players
2013-03-25 21:20:40 [SERVER] [INFO] Saving worlds
2013-03-25 21:20:40 [SERVER] [INFO] Saving chunks for level 'New World'/Overworld
2013-03-25 21:20:52 [SERVER] [INFO] Saving chunks for level 'New World'/Nether
2013-03-25 21:20:52 [SERVER] [INFO] Saving chunks for level 'New World'/The End
2013-03-25 21:33:43 [SERVER] [INFO] Starting integrated minecraft server version 1.5.1
2013-03-25 21:33:43 [SERVER] [INFO] Generating keypair
2013-03-25 21:33:44 [SERVER] [INFO] Preparing start region for level 0
2013-03-25 21:33:45 [SERVER] [INFO] Preparing spawn area: 43%
2013-03-25 21:33:46 [SERVER] [INFO] Preparing spawn area: 94%
2013-03-25 21:33:46 [SERVER] [INFO] Player409[/127.0.0.1:0] logged in with entity id 267 at (21.5, 66.0, 193.5)
2013-03-25 21:33:51 [SERVER] [WARNING] Can't keep up! Did the system time change, or is the server overloaded?
2013-03-25 21:35:24 [SERVER] [INFO] Saving and pausing game...
2013-03-25 21:35:24 [SERVER] [INFO] Saving chunks for level 'New World'/Overworld
2013-03-25 21:35:24 [SERVER] [INFO] Saving chunks for level 'New World'/Nether
2013-03-25 21:35:24 [SERVER] [INFO] Saving chunks for level 'New World'/The End
2013-03-25 21:35:24 [SERVER] [INFO] Stopping server
2013-03-25 21:35:24 [SERVER] [INFO] Saving players
2013-03-25 21:35:24 [SERVER] [INFO] Saving worlds
2013-03-25 21:35:24 [SERVER] [INFO] Saving chunks for level 'New World'/Overworld
2013-03-25 21:35:24 [SERVER] [INFO] Saving chunks for level 'New World'/Nether
2013-03-25 21:35:24 [SERVER] [INFO] Saving chunks for level 'New World'/The End
2013-03-25 21:36:11 [SERVER] [INFO] Starting integrated minecraft server version 1.5.1
2013-03-25 21:36:11 [SERVER] [INFO] Generating keypair
2013-03-25 21:36:11 [SERVER] [INFO] Preparing start region for level 0
2013-03-25 21:36:12 [SERVER] [INFO] Preparing spawn area: 93%
2013-03-25 21:36:13 [SERVER] [INFO] Player516[/127.0.0.1:0] logged in with entity id 288 at (26.652324310612862, 64.0, 206.95280780443233)
2013-03-26 09:47:42 [SERVER] [INFO] Starting integrated minecraft server version 1.5.1
2013-03-26 09:47:42 [SERVER] [INFO] Generating keypair
2013-03-26 09:47:42 [SERVER] [INFO] Preparing start region for level 0
2013-03-26 09:47:43 [SERVER] [INFO] Preparing spawn area: 52%
2013-03-26 09:47:44 [SERVER] [INFO] Preparing spawn area: 96%
2013-03-26 09:47:45 [SERVER] [INFO] Player806[/127.0.0.1:0] logged in with entity id 292 at (26.652324310612862, 64.0, 206.95280780443233)
2013-03-26 10:00:29 [SERVER] [INFO] Starting integrated minecraft server version 1.5.1
2013-03-26 10:00:29 [SERVER] [INFO] Generating keypair
2013-03-26 10:00:29 [SERVER] [INFO] Preparing start region for level 0
2013-03-26 10:00:30 [SERVER] [INFO] Preparing spawn area: 56%
2013-03-26 10:00:31 [SERVER] [INFO] Player500[/127.0.0.1:0] logged in with entity id 292 at (26.652324310612862, 64.0, 206.95280780443233)
2013-03-26 10:03:21 [SERVER] [INFO] Saving and pausing game...
2013-03-26 10:03:21 [SERVER] [INFO] Saving chunks for level 'New World'/Overworld
2013-03-26 10:03:21 [SERVER] [INFO] Saving chunks for level 'New World'/Nether
2013-03-26 10:03:21 [SERVER] [INFO] Saving chunks for level 'New World'/The End
2013-03-26 10:03:22 [SERVER] [INFO] Stopping server
2013-03-26 10:03:22 [SERVER] [INFO] Saving players
2013-03-26 10:03:22 [SERVER] [INFO] Saving worlds
2013-03-26 10:03:22 [SERVER] [INFO] Saving chunks for level 'New World'/Overworld
2013-03-26 10:03:22 [SERVER] [INFO] Saving chunks for level 'New World'/Nether
2013-03-26 10:03:22 [SERVER] [INFO] Saving chunks for level 'New World'/The End
2013-03-26 10:14:44 [SERVER] [INFO] Starting integrated minecraft server version 1.5.1
2013-03-26 10:14:44 [SERVER] [INFO] Generating keypair
2013-03-26 10:14:45 [SERVER] [INFO] Preparing start region for level 0
2013-03-26 10:14:46 [SERVER] [INFO] Preparing spawn area: 95%
2013-03-26 10:14:46 [SERVER] [INFO] Player336[/127.0.0.1:0] logged in with entity id 300 at (26.652324310612862, 64.0, 206.95280780443233)
2013-03-26 10:26:22 [SERVER] [INFO] Starting integrated minecraft server version 1.5.1
2013-03-26 10:26:22 [SERVER] [INFO] Generating keypair
2013-03-26 10:26:22 [SERVER] [INFO] Preparing start region for level 0
2013-03-26 10:26:23 [SERVER] [INFO] Preparing spawn area: 89%
2013-03-26 10:26:23 [SERVER] [INFO] Player672[/127.0.0.1:0] logged in with entity id 300 at (26.652324310612862, 64.0, 206.95280780443233)
2013-03-26 10:26:43 [SERVER] [INFO] Saving and pausing game...
2013-03-26 10:26:43 [SERVER] [INFO] Saving chunks for level 'New World'/Overworld
2013-03-26 10:26:43 [SERVER] [INFO] Saving chunks for level 'New World'/Nether
2013-03-26 10:26:43 [SERVER] [INFO] Saving chunks for level 'New World'/The End
2013-03-26 10:28:39 [SERVER] [INFO] [Player672: Set own game mode to Survival Mode]
2013-03-26 10:28:42 [SERVER] [INFO] [Player672: Set own game mode to Creative Mode]
2013-03-26 10:29:07 [SERVER] [INFO] [Player672: Set own game mode to Survival Mode]
2013-03-26 10:29:08 [SERVER] [INFO] [Player672: Set the time to 0]
2013-03-26 10:29:10 [SERVER] [INFO] [Player672: Set the time to 12500]
2013-03-26 10:29:10 [SERVER] [INFO] Saving and pausing game...
2013-03-26 10:29:10 [SERVER] [INFO] Saving chunks for level 'New World'/Overworld
2013-03-26 10:29:10 [SERVER] [INFO] Saving chunks for level 'New World'/Nether
2013-03-26 10:29:10 [SERVER] [INFO] Saving chunks for level 'New World'/The End
2013-03-26 10:29:50 [SERVER] [INFO] [Player672: Set own game mode to Survival Mode]
2013-03-26 10:29:51 [SERVER] [INFO] [Player672: Set the time to 0]
2013-03-26 10:29:54 [SERVER] [INFO] [Player672: Set the time to 0]
2013-03-26 10:29:55 [SERVER] [INFO] [Player672: Set own game mode to Creative Mode]
2013-03-26 10:29:58 [SERVER] [INFO] Saving and pausing game...
2013-03-26 10:29:58 [SERVER] [INFO] Saving chunks for level 'New World'/Overworld
2013-03-26 10:29:58 [SERVER] [INFO] Saving chunks for level 'New World'/Nether
2013-03-26 10:29:58 [SERVER] [INFO] Saving chunks for level 'New World'/The End
2013-03-26 10:30:02 [SERVER] [INFO] Saving and pausing game...
2013-03-26 10:30:02 [SERVER] [INFO] Saving chunks for level 'New World'/Overworld
2013-03-26 10:30:02 [SERVER] [INFO] Saving chunks for level 'New World'/Nether
2013-03-26 10:30:02 [SERVER] [INFO] Saving chunks for level 'New World'/The End
2013-03-26 10:30:19 [SERVER] [INFO] [Player672: Set the time to 12500]
2013-03-26 10:30:21 [SERVER] [INFO] [Player672: Set own game mode to Survival Mode]
2013-03-26 10:30:40 [SERVER] [INFO] [Player672: Set own game mode to Creative Mode]
2013-03-26 10:31:43 [SERVER] [INFO] [Player672: Set own game mode to Survival Mode]
2013-03-26 10:31:50 [SERVER] [INFO] [Player672: Set own game mode to Creative Mode]
2013-03-26 10:32:01 [SERVER] [INFO] Saving and pausing game...
2013-03-26 10:32:01 [SERVER] [INFO] Saving chunks for level 'New World'/Overworld
2013-03-26 10:32:01 [SERVER] [INFO] Saving chunks for level 'New World'/Nether
2013-03-26 10:32:01 [SERVER] [INFO] Saving chunks for level 'New World'/The End
2013-03-26 10:32:24 [SERVER] [INFO] Stopping server
2013-03-26 10:32:24 [SERVER] [INFO] Saving players
2013-03-26 10:42:27 [SERVER] [INFO] Starting integrated minecraft server version 1.5.1
2013-03-26 10:42:27 [SERVER] [INFO] Generating keypair
2013-03-26 10:42:28 [SERVER] [INFO] Preparing start region for level 0
2013-03-26 10:42:29 [SERVER] [INFO] Preparing spawn area: 95%
2013-03-26 10:42:29 [SERVER] [INFO] Player301[/127.0.0.1:0] logged in with entity id 445 at (54.4034207990099, 64.07041163924936, 212.69999998807907)
2013-03-26 10:43:13 [SERVER] [INFO] Starting integrated minecraft server version 1.5.1
2013-03-26 10:43:13 [SERVER] [INFO] Generating keypair
2013-03-26 10:43:13 [SERVER] [INFO] Preparing start region for level 0
2013-03-26 10:43:14 [SERVER] [INFO] Preparing spawn area: 97%
2013-03-26 10:43:14 [SERVER] [INFO] Player683[/127.0.0.1:0] logged in with entity id 440 at (54.4034207990099, 64.07041163924936, 212.69999998807907)
2013-03-26 10:43:18 [SERVER] [WARNING] Can't keep up! Did the system time change, or is the server overloaded?
2013-03-26 10:43:20 [SERVER] [INFO] Saving and pausing game...
2013-03-26 10:43:20 [SERVER] [INFO] Saving chunks for level 'New World'/Overworld
2013-03-26 10:43:20 [SERVER] [INFO] Saving chunks for level 'New World'/Nether
2013-03-26 10:43:20 [SERVER] [INFO] Saving chunks for level 'New World'/The End
2013-03-26 10:43:30 [SERVER] [INFO] Stopping server
